#
# There is insufficient memory for the Java Runtime Environment to continue.
# Native memory allocation (malloc) failed to allocate 272336 bytes for Chunk::new
# Possible reasons:
#   The system is out of physical RAM or swap space
#   The process is running with CompressedOops enabled, and the Java Heap may be blocking the growth of the native heap
# Possible solutions:
#   Reduce memory load on the system
#   Increase physical memory or swap space
#   Check if swap backing store is full
#   Decrease Java heap size (-Xmx/-Xms)
#   Decrease number of Java threads
#   Decrease Java thread stack sizes (-Xss)
#   Set larger code cache with -XX:ReservedCodeCacheSize=
#   JVM is running with Unscaled Compressed Oops mode in which the Java heap is
#     placed in the first 4GB address space. The Java Heap base address is the
#     maximum limit for the native heap growth. Please use -XX:HeapBaseMinAddress
#     to set the Java Heap base and to place the Java Heap above 4GB virtual address.
# This output file may be truncated or incomplete.
#
#  Out of Memory Error (arena.cpp:184), pid=5196, tid=8340
#
# JRE version: Java(TM) SE Runtime Environment (18.0.2.1+1) (build 18.0.2.1+1-1)
# Java VM: Java HotSpot(TM) 64-Bit Server VM (18.0.2.1+1-1, mixed mode, sharing, tiered, compressed oops, compressed class ptrs, g1 gc, windows-amd64)
# No core dump will be written. Minidumps are not enabled by default on client versions of Windows
#

---------------  S U M M A R Y ------------

Command Line: -Dorg.gradle.appname=gradlew org.gradle.wrapper.GradleWrapperMain -q -Ptarget-platform=android-arm64 -Ptarget=E:\18-05-2023\paradise\lib\main.dart -Pbase-application-name=android.app.Application -Pdart-defines=RkxVVFRFUl9XRUJfQVVUT19ERVRFQ1Q9dHJ1ZQ== -Pdart-obfuscation=false -Ptrack-widget-creation=true -Ptree-shake-icons=false -Pfilesystem-scheme=org-dartlang-root assembleDebug

Host: Intel(R) Core(TM) i5-4210U CPU @ 1.70GHz, 4 cores, 3G,  Windows 10 , 64 bit Build 19041 (10.0.19041.2913)
Time: Fri May 19 18:42:59 2023 Pakistan Standard Time elapsed time: 10.163491 seconds (0d 0h 0m 10s)

---------------  T H R E A D  ---------------

Current thread (0x000001ae43679dd0):  JavaThread "C2 CompilerThread0" daemon [_thread_in_native, id=8340, stack(0x0000006962400000,0x0000006962500000)]


Current CompileTask:
C2:  10163 1239       4       jdk.internal.org.objectweb.asm.Frame::execute (2305 bytes)

Stack: [0x0000006962400000,0x0000006962500000]
Native frames: (J=compiled Java code, j=interpreted, Vv=VM code, C=native code)
V  [jvm.dll+0x6993aa]
V  [jvm.dll+0x7f46dd]
V  [jvm.dll+0x7f5fee]
V  [jvm.dll+0x7f66a3]
V  [jvm.dll+0x25cf1f]
V  [jvm.dll+0xb8c2f]
V  [jvm.dll+0xb8fa5]
V  [jvm.dll+0x386091]
V  [jvm.dll+0x34fe71]
V  [jvm.dll+0x34f30a]
V  [jvm.dll+0x230101]
V  [jvm.dll+0x22f4d1]
V  [jvm.dll+0x1ba01c]
V  [jvm.dll+0x23ee0a]
V  [jvm.dll+0x23d0f5]
V  [jvm.dll+0x7a6dd1]
V  [jvm.dll+0x7a120a]
V  [jvm.dll+0x698255]
C  [ucrtbase.dll+0x21bb2]
C  [KERNEL32.DLL+0x17614]
C  [ntdll.dll+0x526a1]


---------------  P R O C E S S  ---------------

Threads class SMR info:
_java_thread_list=0x000001ae48396080, length=15, elements={
0x000001ae28382710, 0x000001ae4365dab0, 0x000001ae43660310, 0x000001ae436768f0,
0x000001ae436771a0, 0x000001ae436781f0, 0x000001ae43678be0, 0x000001ae43679dd0,
0x000001ae4367ae60, 0x000001ae43689f30, 0x000001ae47948140, 0x000001ae4794e620,
0x000001ae47b91f80, 0x000001ae481af0d0, 0x000001ae483ce920
}

Java Threads: ( => current thread )
  0x000001ae28382710 JavaThread "main" [_thread_in_Java, id=4848, stack(0x0000006961700000,0x0000006961800000)]
  0x000001ae4365dab0 JavaThread "Reference Handler" daemon [_thread_blocked, id=8920, stack(0x0000006961e00000,0x0000006961f00000)]
  0x000001ae43660310 JavaThread "Finalizer" daemon [_thread_blocked, id=14356, stack(0x0000006961f00000,0x0000006962000000)]
  0x000001ae436768f0 JavaThread "Signal Dispatcher" daemon [_thread_blocked, id=11932, stack(0x0000006962000000,0x0000006962100000)]
  0x000001ae436771a0 JavaThread "Attach Listener" daemon [_thread_blocked, id=6572, stack(0x0000006962100000,0x0000006962200000)]
  0x000001ae436781f0 JavaThread "Service Thread" daemon [_thread_blocked, id=14192, stack(0x0000006962200000,0x0000006962300000)]
  0x000001ae43678be0 JavaThread "Monitor Deflation Thread" daemon [_thread_blocked, id=11848, stack(0x0000006962300000,0x0000006962400000)]
=>0x000001ae43679dd0 JavaThread "C2 CompilerThread0" daemon [_thread_in_native, id=8340, stack(0x0000006962400000,0x0000006962500000)]
  0x000001ae4367ae60 JavaThread "C1 CompilerThread0" daemon [_thread_blocked, id=10384, stack(0x0000006962500000,0x0000006962600000)]
  0x000001ae43689f30 JavaThread "Sweeper thread" daemon [_thread_blocked, id=10628, stack(0x0000006962600000,0x0000006962700000)]
  0x000001ae47948140 JavaThread "Notification Thread" daemon [_thread_blocked, id=7864, stack(0x0000006962700000,0x0000006962800000)]
  0x000001ae4794e620 JavaThread "Common-Cleaner" daemon [_thread_blocked, id=8020, stack(0x0000006962900000,0x0000006962a00000)]
  0x000001ae47b91f80 JavaThread "pool-1-thread-1" [_thread_blocked, id=4648, stack(0x0000006962a00000,0x0000006962b00000)]
  0x000001ae481af0d0 JavaThread "DisconnectableInputStream source reader" daemon [_thread_in_native, id=8704, stack(0x0000006962f00000,0x0000006963000000)]
  0x000001ae483ce920 JavaThread "Forward input" [_thread_blocked, id=6480, stack(0x0000006963000000,0x0000006963100000)]

Other Threads:
  0x000001ae4365a400 VMThread "VM Thread" [stack: 0x0000006961d00000,0x0000006961e00000] [id=12904]
  0x000001ae4376ece0 WatcherThread "VM Periodic Task Thread" [stack: 0x0000006962800000,0x0000006962900000] [id=3832]
  0x000001ae283c43f0 WorkerThread "GC Thread#0" [stack: 0x0000006961800000,0x0000006961900000] [id=9000]
  0x000001ae47d24f20 WorkerThread "GC Thread#1" [stack: 0x0000006962b00000,0x0000006962c00000] [id=15584]
  0x000001ae47c5c750 WorkerThread "GC Thread#2" [stack: 0x0000006962c00000,0x0000006962d00000] [id=15252]
  0x000001ae47d42ac0 WorkerThread "GC Thread#3" [stack: 0x0000006962d00000,0x0000006962e00000] [id=8436]
  0x000001ae283ce000 ConcurrentGCThread "G1 Main Marker" [stack: 0x0000006961900000,0x0000006961a00000] [id=13512]
  0x000001ae283ce900 WorkerThread "G1 Conc#0" [stack: 0x0000006961a00000,0x0000006961b00000] [id=9696]
  0x000001ae283f9740 ConcurrentGCThread "G1 Refine#0" [stack: 0x0000006961b00000,0x0000006961c00000] [id=15348]
  0x000001ae283f9f60 ConcurrentGCThread "G1 Service" [stack: 0x0000006961c00000,0x0000006961d00000] [id=5968]

Threads with active compile tasks:
C2 CompilerThread0    10226 1239       4       jdk.internal.org.objectweb.asm.Frame::execute (2305 bytes)

VM state: not at safepoint (normal execution)

VM Mutex/Monitor currently owned by a thread: None

Heap address: 0x00000000c1200000, size: 1006 MB, Compressed Oops mode: 32-bit

CDS archive(s) mapped at: [0x0000000800000000-0x0000000800ba0000-0x0000000800ba0000), size 12189696, SharedBaseAddress: 0x0000000800000000, ArchiveRelocationMode: 0.
Compressed class space mapped at: 0x0000000800c00000-0x0000000840c00000, reserved size: 1073741824
Narrow klass base: 0x0000000800000000, Narrow klass shift: 0, Narrow klass range: 0x100000000

GC Precious Log:
 CardTable entry size: 512
 Card Set container configuration: InlinePtr #cards 5 size 8 Array Of Cards #cards 12 size 40 Howl #buckets 4 coarsen threshold 1843 Howl Bitmap #cards 512 size 80 coarsen threshold 460 Card regions per heap region 1 cards per card region 2048
 CPUs: 4 total, 4 available
 Memory: 4017M
 Large Page Support: Disabled
 NUMA Support: Disabled
 Compressed Oops: Enabled (32-bit)
 Heap Region Size: 1M
 Heap Min Capacity: 8M
 Heap Initial Capacity: 64M
 Heap Max Capacity: 1006M
 Pre-touch: Disabled
 Parallel Workers: 4
 Concurrent Workers: 1
 Concurrent Refinement Workers: 4
 Periodic GC: Disabled

Heap:
 garbage-first heap   total 65536K, used 14749K [0x00000000c1200000, 0x0000000100000000)
  region size 1024K, 9 young (9216K), 3 survivors (3072K)
 Metaspace       used 8091K, committed 8320K, reserved 1114112K
  class space    used 1081K, committed 1216K, reserved 1048576K

Heap Regions: E=young(eden), S=young(survivor), O=old, HS=humongous(starts), HC=humongous(continues), CS=collection set, F=free, OA=open archive, CA=closed archive, TAMS=top-at-mark-start (previous, next)
|   0|0x00000000c1200000, 0x00000000c1300000, 0x00000000c1300000|100%|HS|  |TAMS 0x00000000c1200000, 0x00000000c1200000| Complete 
|   1|0x00000000c1300000, 0x00000000c1400000, 0x00000000c1400000|100%|HC|  |TAMS 0x00000000c1300000, 0x00000000c1300000| Complete 
|   2|0x00000000c1400000, 0x00000000c1500000, 0x00000000c1500000|100%|HC|  |TAMS 0x00000000c1400000, 0x00000000c1400000| Complete 
|   3|0x00000000c1500000, 0x00000000c1600000, 0x00000000c1600000|100%| O|  |TAMS 0x00000000c1500000, 0x00000000c1500000| Untracked 
|   4|0x00000000c1600000, 0x00000000c1700000, 0x00000000c1700000|100%| O|  |TAMS 0x00000000c1600000, 0x00000000c1600000| Untracked 
|   5|0x00000000c1700000, 0x00000000c1800000, 0x00000000c1800000|100%| O|  |TAMS 0x00000000c1700000, 0x00000000c1700000| Untracked 
|   6|0x00000000c1800000, 0x00000000c1867400, 0x00000000c1900000| 40%| O|  |TAMS 0x00000000c1800000, 0x00000000c1800000| Untracked 
|   7|0x00000000c1900000, 0x00000000c1900000, 0x00000000c1a00000|  0%| F|  |TAMS 0x00000000c1900000, 0x00000000c1900000| Untracked 
|   8|0x00000000c1a00000, 0x00000000c1a00000, 0x00000000c1b00000|  0%| F|  |TAMS 0x00000000c1a00000, 0x00000000c1a00000| Untracked 
|   9|0x00000000c1b00000, 0x00000000c1b00000, 0x00000000c1c00000|  0%| F|  |TAMS 0x00000000c1b00000, 0x00000000c1b00000| Untracked 
|  10|0x00000000c1c00000, 0x00000000c1c00000, 0x00000000c1d00000|  0%| F|  |TAMS 0x00000000c1c00000, 0x00000000c1c00000| Untracked 
|  11|0x00000000c1d00000, 0x00000000c1d00000, 0x00000000c1e00000|  0%| F|  |TAMS 0x00000000c1d00000, 0x00000000c1d00000| Untracked 
|  12|0x00000000c1e00000, 0x00000000c1e00000, 0x00000000c1f00000|  0%| F|  |TAMS 0x00000000c1e00000, 0x00000000c1e00000| Untracked 
|  13|0x00000000c1f00000, 0x00000000c1f00000, 0x00000000c2000000|  0%| F|  |TAMS 0x00000000c1f00000, 0x00000000c1f00000| Untracked 
|  14|0x00000000c2000000, 0x00000000c2000000, 0x00000000c2100000|  0%| F|  |TAMS 0x00000000c2000000, 0x00000000c2000000| Untracked 
|  15|0x00000000c2100000, 0x00000000c2100000, 0x00000000c2200000|  0%| F|  |TAMS 0x00000000c2100000, 0x00000000c2100000| Untracked 
|  16|0x00000000c2200000, 0x00000000c2200000, 0x00000000c2300000|  0%| F|  |TAMS 0x00000000c2200000, 0x00000000c2200000| Untracked 
|  17|0x00000000c2300000, 0x00000000c2300000, 0x00000000c2400000|  0%| F|  |TAMS 0x00000000c2300000, 0x00000000c2300000| Untracked 
|  18|0x00000000c2400000, 0x00000000c2400000, 0x00000000c2500000|  0%| F|  |TAMS 0x00000000c2400000, 0x00000000c2400000| Untracked 
|  19|0x00000000c2500000, 0x00000000c2500000, 0x00000000c2600000|  0%| F|  |TAMS 0x00000000c2500000, 0x00000000c2500000| Untracked 
|  20|0x00000000c2600000, 0x00000000c2600000, 0x00000000c2700000|  0%| F|  |TAMS 0x00000000c2600000, 0x00000000c2600000| Untracked 
|  21|0x00000000c2700000, 0x00000000c2700000, 0x00000000c2800000|  0%| F|  |TAMS 0x00000000c2700000, 0x00000000c2700000| Untracked 
|  22|0x00000000c2800000, 0x00000000c2800000, 0x00000000c2900000|  0%| F|  |TAMS 0x00000000c2800000, 0x00000000c2800000| Untracked 
|  23|0x00000000c2900000, 0x00000000c2900000, 0x00000000c2a00000|  0%| F|  |TAMS 0x00000000c2900000, 0x00000000c2900000| Untracked 
|  24|0x00000000c2a00000, 0x00000000c2a00000, 0x00000000c2b00000|  0%| F|  |TAMS 0x00000000c2a00000, 0x00000000c2a00000| Untracked 
|  25|0x00000000c2b00000, 0x00000000c2b00000, 0x00000000c2c00000|  0%| F|  |TAMS 0x00000000c2b00000, 0x00000000c2b00000| Untracked 
|  26|0x00000000c2c00000, 0x00000000c2c00000, 0x00000000c2d00000|  0%| F|  |TAMS 0x00000000c2c00000, 0x00000000c2c00000| Untracked 
|  27|0x00000000c2d00000, 0x00000000c2d00000, 0x00000000c2e00000|  0%| F|  |TAMS 0x00000000c2d00000, 0x00000000c2d00000| Untracked 
|  28|0x00000000c2e00000, 0x00000000c2e00000, 0x00000000c2f00000|  0%| F|  |TAMS 0x00000000c2e00000, 0x00000000c2e00000| Untracked 
|  29|0x00000000c2f00000, 0x00000000c2f00000, 0x00000000c3000000|  0%| F|  |TAMS 0x00000000c2f00000, 0x00000000c2f00000| Untracked 
|  30|0x00000000c3000000, 0x00000000c3000000, 0x00000000c3100000|  0%| F|  |TAMS 0x00000000c3000000, 0x00000000c3000000| Untracked 
|  31|0x00000000c3100000, 0x00000000c3100000, 0x00000000c3200000|  0%| F|  |TAMS 0x00000000c3100000, 0x00000000c3100000| Untracked 
|  32|0x00000000c3200000, 0x00000000c3200000, 0x00000000c3300000|  0%| F|  |TAMS 0x00000000c3200000, 0x00000000c3200000| Untracked 
|  33|0x00000000c3300000, 0x00000000c3300000, 0x00000000c3400000|  0%| F|  |TAMS 0x00000000c3300000, 0x00000000c3300000| Untracked 
|  34|0x00000000c3400000, 0x00000000c3400000, 0x00000000c3500000|  0%| F|  |TAMS 0x00000000c3400000, 0x00000000c3400000| Untracked 
|  35|0x00000000c3500000, 0x00000000c3500000, 0x00000000c3600000|  0%| F|  |TAMS 0x00000000c3500000, 0x00000000c3500000| Untracked 
|  36|0x00000000c3600000, 0x00000000c3600000, 0x00000000c3700000|  0%| F|  |TAMS 0x00000000c3600000, 0x00000000c3600000| Untracked 
|  37|0x00000000c3700000, 0x00000000c3700000, 0x00000000c3800000|  0%| F|  |TAMS 0x00000000c3700000, 0x00000000c3700000| Untracked 
|  38|0x00000000c3800000, 0x00000000c3800000, 0x00000000c3900000|  0%| F|  |TAMS 0x00000000c3800000, 0x00000000c3800000| Untracked 
|  39|0x00000000c3900000, 0x00000000c3900000, 0x00000000c3a00000|  0%| F|  |TAMS 0x00000000c3900000, 0x00000000c3900000| Untracked 
|  40|0x00000000c3a00000, 0x00000000c3a00000, 0x00000000c3b00000|  0%| F|  |TAMS 0x00000000c3a00000, 0x00000000c3a00000| Untracked 
|  41|0x00000000c3b00000, 0x00000000c3b00000, 0x00000000c3c00000|  0%| F|  |TAMS 0x00000000c3b00000, 0x00000000c3b00000| Untracked 
|  42|0x00000000c3c00000, 0x00000000c3c00000, 0x00000000c3d00000|  0%| F|  |TAMS 0x00000000c3c00000, 0x00000000c3c00000| Untracked 
|  43|0x00000000c3d00000, 0x00000000c3d00000, 0x00000000c3e00000|  0%| F|  |TAMS 0x00000000c3d00000, 0x00000000c3d00000| Untracked 
|  44|0x00000000c3e00000, 0x00000000c3f00000, 0x00000000c3f00000|100%| S|CS|TAMS 0x00000000c3e00000, 0x00000000c3e00000| Complete 
|  45|0x00000000c3f00000, 0x00000000c4000000, 0x00000000c4000000|100%| S|CS|TAMS 0x00000000c3f00000, 0x00000000c3f00000| Complete 
|  46|0x00000000c4000000, 0x00000000c4100000, 0x00000000c4100000|100%| S|CS|TAMS 0x00000000c4000000, 0x00000000c4000000| Complete 
|  47|0x00000000c4100000, 0x00000000c4100000, 0x00000000c4200000|  0%| F|  |TAMS 0x00000000c4100000, 0x00000000c4100000| Untracked 
|  48|0x00000000c4200000, 0x00000000c4200000, 0x00000000c4300000|  0%| F|  |TAMS 0x00000000c4200000, 0x00000000c4200000| Untracked 
|  49|0x00000000c4300000, 0x00000000c4300000, 0x00000000c4400000|  0%| F|  |TAMS 0x00000000c4300000, 0x00000000c4300000| Untracked 
|  50|0x00000000c4400000, 0x00000000c4400000, 0x00000000c4500000|  0%| F|  |TAMS 0x00000000c4400000, 0x00000000c4400000| Untracked 
|  51|0x00000000c4500000, 0x00000000c4500000, 0x00000000c4600000|  0%| F|  |TAMS 0x00000000c4500000, 0x00000000c4500000| Untracked 
|  52|0x00000000c4600000, 0x00000000c4600000, 0x00000000c4700000|  0%| F|  |TAMS 0x00000000c4600000, 0x00000000c4600000| Untracked 
|  53|0x00000000c4700000, 0x00000000c4700000, 0x00000000c4800000|  0%| F|  |TAMS 0x00000000c4700000, 0x00000000c4700000| Untracked 
|  54|0x00000000c4800000, 0x00000000c4800000, 0x00000000c4900000|  0%| F|  |TAMS 0x00000000c4800000, 0x00000000c4800000| Untracked 
|  55|0x00000000c4900000, 0x00000000c4900000, 0x00000000c4a00000|  0%| F|  |TAMS 0x00000000c4900000, 0x00000000c4900000| Untracked 
|  56|0x00000000c4a00000, 0x00000000c4a00000, 0x00000000c4b00000|  0%| F|  |TAMS 0x00000000c4a00000, 0x00000000c4a00000| Untracked 
|  57|0x00000000c4b00000, 0x00000000c4b00000, 0x00000000c4c00000|  0%| F|  |TAMS 0x00000000c4b00000, 0x00000000c4b00000| Untracked 
|  58|0x00000000c4c00000, 0x00000000c4d00000, 0x00000000c4d00000|100%| E|  |TAMS 0x00000000c4c00000, 0x00000000c4c00000| Complete 
|  59|0x00000000c4d00000, 0x00000000c4e00000, 0x00000000c4e00000|100%| E|CS|TAMS 0x00000000c4d00000, 0x00000000c4d00000| Complete 
|  60|0x00000000c4e00000, 0x00000000c4f00000, 0x00000000c4f00000|100%| E|CS|TAMS 0x00000000c4e00000, 0x00000000c4e00000| Complete 
|  61|0x00000000c4f00000, 0x00000000c5000000, 0x00000000c5000000|100%| E|CS|TAMS 0x00000000c4f00000, 0x00000000c4f00000| Complete 
|  62|0x00000000c5000000, 0x00000000c5100000, 0x00000000c5100000|100%| E|CS|TAMS 0x00000000c5000000, 0x00000000c5000000| Complete 
|  63|0x00000000c5100000, 0x00000000c5200000, 0x00000000c5200000|100%| E|CS|TAMS 0x00000000c5100000, 0x00000000c5100000| Complete 

Card table byte_map: [0x000001ae3eec0000,0x000001ae3f0c0000] _byte_map_base: 0x000001ae3e8b7000

Marking Bits (Prev, Next): (CMBitMap*) 0x000001ae283c5910, (CMBitMap*) 0x000001ae283c5950
 Prev Bits: [0x000001ae3f2c0000, 0x000001ae40278000)
 Next Bits: [0x000001ae40280000, 0x000001ae41238000)

Polling page: 0x000001ae262f0000

Metaspace:

Usage:
  Non-class:      6.85 MB used.
      Class:      1.06 MB used.
       Both:      7.91 MB used.

Virtual space:
  Non-class space:       64.00 MB reserved,       6.94 MB ( 11%) committed,  1 nodes.
      Class space:        1.00 GB reserved,       1.19 MB ( <1%) committed,  1 nodes.
             Both:        1.06 GB reserved,       8.12 MB ( <1%) committed. 

Chunk freelists:
   Non-Class:  643.00 KB
       Class:  2.69 MB
        Both:  3.32 MB

MaxMetaspaceSize: unlimited
CompressedClassSpaceSize: 1.00 GB
Initial GC threshold: 21.00 MB
Current GC threshold: 21.00 MB
CDS: on
MetaspaceReclaimPolicy: balanced
 - commit_granule_bytes: 65536.
 - commit_granule_words: 8192.
 - virtual_space_node_default_size: 8388608.
 - enlarge_chunks_in_place: 1.
 - new_chunks_are_fully_committed: 0.
 - uncommit_free_chunks: 1.
 - use_allocation_guard: 0.


Internal statistics:

num_allocs_failed_limit: 0.
num_arena_births: 234.
num_arena_deaths: 0.
num_vsnodes_births: 2.
num_vsnodes_deaths: 0.
num_space_committed: 130.
num_space_uncommitted: 0.
num_chunks_returned_to_freelist: 0.
num_chunks_taken_from_freelist: 454.
num_chunk_merges: 0.
num_chunk_splits: 288.
num_chunks_enlarged: 204.
num_inconsistent_stats: 0.

CodeHeap 'non-profiled nmethods': size=120000Kb used=416Kb max_used=416Kb free=119583Kb
 bounds [0x000001ae37790000, 0x000001ae37a00000, 0x000001ae3ecc0000]
CodeHeap 'profiled nmethods': size=120000Kb used=2297Kb max_used=2297Kb free=117702Kb
 bounds [0x000001ae30260000, 0x000001ae304d0000, 0x000001ae37790000]
CodeHeap 'non-nmethods': size=5760Kb used=1175Kb max_used=1185Kb free=4585Kb
 bounds [0x000001ae2fcc0000, 0x000001ae2ff30000, 0x000001ae30260000]
 total_blobs=1723 nmethods=1263 adapters=373
 compilation: enabled
              stopped_count=0, restarted_count=0
 full_count=0

Compilation events (20 events):
Event: 9.953 Thread 0x000001ae4367ae60 nmethod 1233 0x000001ae30492890 code [0x000001ae30492a40, 0x000001ae30492be8]
Event: 9.953 Thread 0x000001ae4367ae60 1234       3       java.nio.CharBuffer::limit (8 bytes)
Event: 9.953 Thread 0x000001ae4367ae60 nmethod 1234 0x000001ae30492c90 code [0x000001ae30492e20, 0x000001ae30492f68]
Event: 9.955 Thread 0x000001ae4367ae60 1235       3       java.nio.charset.CoderResult::isOverflow (14 bytes)
Event: 9.955 Thread 0x000001ae4367ae60 nmethod 1235 0x000001ae30493010 code [0x000001ae304931a0, 0x000001ae30493318]
Event: 10.096 Thread 0x000001ae4367ae60 1236       3       com.esotericsoftware.kryo.io.Input::readUtf8 (90 bytes)
Event: 10.097 Thread 0x000001ae4367ae60 nmethod 1236 0x000001ae30493390 code [0x000001ae30493560, 0x000001ae30493978]
Event: 10.097 Thread 0x000001ae4367ae60 1237       3       org.gradle.internal.Cast::uncheckedNonnullCast (2 bytes)
Event: 10.097 Thread 0x000001ae4367ae60 nmethod 1237 0x000001ae30493b90 code [0x000001ae30493d20, 0x000001ae30493e18]
Event: 10.138 Thread 0x000001ae43679dd0 1239       4       jdk.internal.org.objectweb.asm.Frame::execute (2305 bytes)
Event: 10.138 Thread 0x000001ae4367ae60 1240       3       java.lang.StringBuilder::append (8 bytes)
Event: 10.138 Thread 0x000001ae4367ae60 nmethod 1240 0x000001ae30493e90 code [0x000001ae30494020, 0x000001ae30494168]
Event: 10.139 Thread 0x000001ae4367ae60 1241       3       java.lang.invoke.MemberName::isCallerSensitive (8 bytes)
Event: 10.139 Thread 0x000001ae4367ae60 nmethod 1241 0x000001ae30494210 code [0x000001ae304943c0, 0x000001ae304945f8]
Event: 10.139 Thread 0x000001ae4367ae60 1242       3       jdk.internal.org.objectweb.asm.MethodVisitor::<init> (88 bytes)
Event: 10.141 Thread 0x000001ae4367ae60 nmethod 1242 0x000001ae30494710 code [0x000001ae30494960, 0x000001ae30495248]
Event: 10.155 Thread 0x000001ae4367ae60 1243       3       java.lang.invoke.DirectMethodHandle::allocateInstance (16 bytes)
Event: 10.156 Thread 0x000001ae4367ae60 nmethod 1243 0x000001ae30495510 code [0x000001ae304956c0, 0x000001ae304958e8]
Event: 10.156 Thread 0x000001ae4367ae60 1245       3       java.lang.invoke.DirectMethodHandle::constructorMethod (10 bytes)
Event: 10.156 Thread 0x000001ae4367ae60 nmethod 1245 0x000001ae30495a10 code [0x000001ae30495ba0, 0x000001ae30495d98]

GC Heap History (4 events):
Event: 1.148 GC heap before
{Heap before GC invocations=0 (full 0):
 garbage-first heap   total 65536K, used 15360K [0x00000000c1200000, 0x0000000100000000)
  region size 1024K, 13 young (13312K), 0 survivors (0K)
 Metaspace       used 1948K, committed 2112K, reserved 1114112K
  class space    used 182K, committed 256K, reserved 1048576K
}
Event: 1.156 GC heap after
{Heap after GC invocations=1 (full 0):
 garbage-first heap   total 65536K, used 2989K [0x00000000c1200000, 0x0000000100000000)
  region size 1024K, 2 young (2048K), 2 survivors (2048K)
 Metaspace       used 1948K, committed 2112K, reserved 1114112K
  class space    used 182K, committed 256K, reserved 1048576K
}
Event: 2.219 GC heap before
{Heap before GC invocations=1 (full 0):
 garbage-first heap   total 65536K, used 20397K [0x00000000c1200000, 0x0000000100000000)
  region size 1024K, 17 young (17408K), 2 survivors (2048K)
 Metaspace       used 5667K, committed 5888K, reserved 1114112K
  class space    used 762K, committed 896K, reserved 1048576K
}
Event: 2.228 GC heap after
{Heap after GC invocations=2 (full 0):
 garbage-first heap   total 65536K, used 9629K [0x00000000c1200000, 0x0000000100000000)
  region size 1024K, 3 young (3072K), 3 survivors (3072K)
 Metaspace       used 5667K, committed 5888K, reserved 1114112K
  class space    used 762K, committed 896K, reserved 1048576K
}

Deoptimization events (20 events):
Event: 2.156 Thread 0x000001ae28382710 Uncommon trap: trap_request=0xffffff45 fr.pc=0x000001ae377ba7b0 relative=0x0000000000000730
Event: 2.156 Thread 0x000001ae28382710 Uncommon trap: reason=unstable_if action=reinterpret pc=0x000001ae377ba7b0 method=java.util.HashMap.putVal(ILjava/lang/Object;Ljava/lang/Object;ZZ)Ljava/lang/Object; @ 236 c2
Event: 2.156 Thread 0x000001ae28382710 DEOPT PACKING pc=0x000001ae377ba7b0 sp=0x00000069617fd4f0
Event: 2.156 Thread 0x000001ae28382710 DEOPT UNPACKING pc=0x000001ae2fd123a3 sp=0x00000069617fd4a8 mode 2
Event: 2.307 Thread 0x000001ae28382710 DEOPT PACKING pc=0x000001ae3030e865 sp=0x00000069617fb500
Event: 2.307 Thread 0x000001ae28382710 DEOPT UNPACKING pc=0x000001ae2fd12b43 sp=0x00000069617fa950 mode 0
Event: 2.339 Thread 0x000001ae28382710 DEOPT PACKING pc=0x000001ae30354801 sp=0x00000069617fc500
Event: 2.339 Thread 0x000001ae28382710 DEOPT UNPACKING pc=0x000001ae2fd12b43 sp=0x00000069617fba08 mode 0
Event: 2.576 Thread 0x000001ae28382710 Uncommon trap: trap_request=0xffffffc6 fr.pc=0x000001ae377e371c relative=0x00000000000002dc
Event: 2.576 Thread 0x000001ae28382710 Uncommon trap: reason=bimorphic_or_optimized_type_check action=maybe_recompile pc=0x000001ae377e371c method=java.util.concurrent.ConcurrentHashMap.get(Ljava/lang/Object;)Ljava/lang/Object; @ 149 c2
Event: 2.576 Thread 0x000001ae28382710 DEOPT PACKING pc=0x000001ae377e371c sp=0x00000069617fcfe0
Event: 2.576 Thread 0x000001ae28382710 DEOPT UNPACKING pc=0x000001ae2fd123a3 sp=0x00000069617fcf50 mode 2
Event: 3.340 Thread 0x000001ae28382710 Uncommon trap: trap_request=0xffffff45 fr.pc=0x000001ae377c7d68 relative=0x0000000000000548
Event: 3.340 Thread 0x000001ae28382710 Uncommon trap: reason=unstable_if action=reinterpret pc=0x000001ae377c7d68 method=java.lang.AbstractStringBuilder.append(Ljava/lang/String;)Ljava/lang/AbstractStringBuilder; @ 1 c2
Event: 3.340 Thread 0x000001ae28382710 DEOPT PACKING pc=0x000001ae377c7d68 sp=0x00000069617fdd40
Event: 3.340 Thread 0x000001ae28382710 DEOPT UNPACKING pc=0x000001ae2fd123a3 sp=0x00000069617fdcc0 mode 2
Event: 3.340 Thread 0x000001ae28382710 Uncommon trap: trap_request=0xffffff45 fr.pc=0x000001ae377d07dc relative=0x000000000000053c
Event: 3.340 Thread 0x000001ae28382710 Uncommon trap: reason=unstable_if action=reinterpret pc=0x000001ae377d07dc method=java.lang.AbstractStringBuilder.append(Ljava/lang/String;)Ljava/lang/AbstractStringBuilder; @ 1 c2
Event: 3.340 Thread 0x000001ae28382710 DEOPT PACKING pc=0x000001ae377d07dc sp=0x00000069617fdcd0
Event: 3.340 Thread 0x000001ae28382710 DEOPT UNPACKING pc=0x000001ae2fd123a3 sp=0x00000069617fdcb8 mode 2

Classes loaded (20 events):
Event: 10.146 Loading class jdk/internal/logger/LazyLoggers done
Event: 10.147 Loading class jdk/internal/logger/LazyLoggers$1
Event: 10.147 Loading class jdk/internal/logger/LazyLoggers$1 done
Event: 10.147 Loading class jdk/internal/logger/LazyLoggers$LazyLoggerFactories
Event: 10.147 Loading class jdk/internal/logger/LazyLoggers$LazyLoggerFactories done
Event: 10.149 Loading class jdk/internal/logger/LoggerFinderLoader
Event: 10.150 Loading class jdk/internal/logger/LoggerFinderLoader done
Event: 10.153 Loading class sun/util/logging/internal/LoggingProviderImpl$JULWrapper
Event: 10.154 Loading class sun/util/logging/PlatformLogger$ConfigurableBridge$LoggerConfiguration
Event: 10.154 Loading class sun/util/logging/PlatformLogger$ConfigurableBridge$LoggerConfiguration done
Event: 10.154 Loading class sun/util/logging/internal/LoggingProviderImpl$JULWrapper done
Event: 10.156 Loading class java/io/ObjectInputFilter$Config$BuiltinFilterFactory
Event: 10.156 Loading class java/io/ObjectInputFilter$Config$BuiltinFilterFactory done
Event: 10.156 Loading class jdk/internal/access/JavaObjectInputFilterAccess
Event: 10.157 Loading class jdk/internal/access/JavaObjectInputFilterAccess done
Event: 10.158 Loading class java/lang/System$Logger$Level
Event: 10.158 Loading class java/lang/System$Logger$Level done
Event: 10.158 Loading class java/io/Bits
Event: 10.159 Loading class java/io/Bits done
Event: 10.159 Loading class java/io/ObjectStreamClass

Classes unloaded (0 events):
No events

Classes redefined (0 events):
No events

Internal exceptions (20 events):
Event: 0.473 Thread 0x000001ae28382710 Exception <a 'java/lang/NoSuchMethodError'{0x00000000c4e437c8}: 'int java.lang.invoke.DirectMethodHandle$Holder.invokeStaticInit(java.lang.Object, java.lang.Object)'> (0x00000000c4e437c8) 
thrown [s\open\src\hotspot\share\interpreter\linkResolver.cpp, line 759]
Event: 1.724 Thread 0x000001ae28382710 Exception <a 'java/lang/NoSuchMethodError'{0x00000000c4a1a748}: 'void java.lang.invoke.DirectMethodHandle$Holder.invokeInterface(java.lang.Object, java.lang.Object, java.lang.Object)'> (0x00000000c4a1a748) 
thrown [s\open\src\hotspot\share\interpreter\linkResolver.cpp, line 759]
Event: 1.756 Thread 0x000001ae28382710 Exception <a 'java/lang/NoClassDefFoundError'{0x00000000c4a735f0}: org/slf4j/impl/StaticMarkerBinder> (0x00000000c4a735f0) 
thrown [s\open\src\hotspot\share\classfile\systemDictionary.cpp, line 244]
Event: 1.790 Thread 0x000001ae28382710 Exception <a 'java/lang/NoSuchMethodError'{0x00000000c4903b18}: 'java.lang.Object java.lang.invoke.DirectMethodHandle$Holder.invokeVirtual(java.lang.Object, java.lang.Object, java.lang.Object, java.lang.Object, java.lang.Object, java.lang.Object, java.lang.Object)'> (0x00000000c4903b18) 
thrown [s\open\src\hotspot\share\interpreter\linkResolver.cpp, line 759]
Event: 1.796 Thread 0x000001ae28382710 Exception <a 'java/lang/NoSuchMethodError'{0x00000000c49188e8}: 'java.lang.Object java.lang.invoke.DirectMethodHandle$Holder.invokeStatic(java.lang.Object, java.lang.Object, int)'> (0x00000000c49188e8) 
thrown [s\open\src\hotspot\share\interpreter\linkResolver.cpp, line 759]
Event: 1.804 Thread 0x000001ae28382710 Exception <a 'java/lang/NoSuchMethodError'{0x00000000c4924600}: 'void java.lang.invoke.DelegatingMethodHandle$Holder.delegate(java.lang.Object, java.lang.Object, int, java.lang.Object)'> (0x00000000c4924600) 
thrown [s\open\src\hotspot\share\interpreter\linkResolver.cpp, line 759]
Event: 1.806 Thread 0x000001ae28382710 Exception <a 'java/lang/NoSuchMethodError'{0x00000000c4928750}: 'int java.lang.invoke.DirectMethodHandle$Holder.invokeSpecial(java.lang.Object, java.lang.Object, java.lang.Object)'> (0x00000000c4928750) 
thrown [s\open\src\hotspot\share\interpreter\linkResolver.cpp, line 759]
Event: 1.848 Thread 0x000001ae28382710 Exception <a 'java/lang/NoSuchMethodError'{0x00000000c49c8608}: 'java.lang.Object java.lang.invoke.DirectMethodHandle$Holder.invokeVirtual(java.lang.Object, java.lang.Object, java.lang.Object)'> (0x00000000c49c8608) 
thrown [s\open\src\hotspot\share\interpreter\linkResolver.cpp, line 759]
Event: 1.975 Thread 0x000001ae28382710 Exception <a 'java/lang/NoSuchMethodError'{0x00000000c46187b8}: 'java.lang.Object java.lang.invoke.DirectMethodHandle$Holder.invokeVirtual(java.lang.Object, java.lang.Object, java.lang.Object, java.lang.Object)'> (0x00000000c46187b8) 
thrown [s\open\src\hotspot\share\interpreter\linkResolver.cpp, line 759]
Event: 2.011 Thread 0x000001ae28382710 Exception <a 'java/lang/NoSuchMethodError'{0x00000000c46b0160}: 'java.lang.Object java.lang.invoke.DirectMethodHandle$Holder.invokeVirtual(java.lang.Object, java.lang.Object, java.lang.Object, java.lang.Object, java.lang.Object, java.lang.Object)'> (0x00000000c46b0160) 
thrown [s\open\src\hotspot\share\interpreter\linkResolver.cpp, line 759]
Event: 2.054 Thread 0x000001ae28382710 Exception <a 'java/lang/NoSuchMethodError'{0x00000000c455af70}: 'java.lang.Object java.lang.invoke.DirectMethodHandle$Holder.invokeInterface(java.lang.Object, java.lang.Object, java.lang.Object)'> (0x00000000c455af70) 
thrown [s\open\src\hotspot\share\interpreter\linkResolver.cpp, line 759]
Event: 2.131 Thread 0x000001ae28382710 Exception <a 'java/lang/NoSuchMethodError'{0x00000000c42f2568}: 'java.lang.Object java.lang.invoke.DirectMethodHandle$Holder.invokeStaticInit(java.lang.Object)'> (0x00000000c42f2568) 
thrown [s\open\src\hotspot\share\interpreter\linkResolver.cpp, line 759]
Event: 2.243 Thread 0x000001ae28382710 Exception <a 'java/lang/NoSuchMethodError'{0x00000000c513fc70}: 'java.lang.Object java.lang.invoke.DirectMethodHandle$Holder.invokeVirtual(java.lang.Object, java.lang.Object, java.lang.Object, java.lang.Object, java.lang.Object)'> (0x00000000c513fc70) 
thrown [s\open\src\hotspot\share\interpreter\linkResolver.cpp, line 759]
Event: 2.247 Thread 0x000001ae28382710 Exception <a 'java/lang/NoSuchMethodError'{0x00000000c51547a8}: 'java.lang.Object java.lang.invoke.Invokers$Holder.invokeExact_MT(java.lang.Object, java.lang.Object, java.lang.Object, java.lang.Object, java.lang.Object, java.lang.Object)'> (0x00000000c51547a8) 
thrown [s\open\src\hotspot\share\interpreter\linkResolver.cpp, line 759]
Event: 2.349 Thread 0x000001ae28382710 Exception <a 'java/lang/NoSuchMethodError'{0x00000000c4f0bd30}: 'java.lang.Object java.lang.invoke.DirectMethodHandle$Holder.invokeVirtual(java.lang.Object, java.lang.Object, java.lang.Object, java.lang.Object, java.lang.Object, java.lang.Object, java.lang.Object, java.lang.Object)'> (0x00000000c4f0bd30) 
thrown [s\open\src\hotspot\share\interpreter\linkResolver.cpp, line 759]
Event: 2.350 Thread 0x000001ae28382710 Exception <a 'java/lang/NoSuchMethodError'{0x00000000c4f11220}: 'java.lang.Object java.lang.invoke.DirectMethodHandle$Holder.invokeSpecial(java.lang.Object, java.lang.Object, java.lang.Object, java.lang.Object, java.lang.Object, java.lang.Object, java.lang.Object, java.lang.Object, java.lang.Object)'> (0x00000000c4f11220) 
thrown [s\open\src\hotspot\share\interpreter\linkResolver.cpp, line 759]
Event: 2.560 Thread 0x000001ae28382710 Exception <a 'java/lang/NoSuchMethodError'{0x00000000c4e3ee70}: 'java.lang.Object java.lang.invoke.DirectMethodHandle$Holder.invokeStaticInit(java.lang.Object, int, int, int, int)'> (0x00000000c4e3ee70) 
thrown [s\open\src\hotspot\share\interpreter\linkResolver.cpp, line 759]
Event: 2.889 Thread 0x000001ae28382710 Exception <a 'java/lang/NoSuchMethodError'{0x00000000c4e5bbe0}: 'java.lang.Object java.lang.invoke.DirectMethodHandle$Holder.invokeStaticInit(java.lang.Object, java.lang.Object, int, int, int, int)'> (0x00000000c4e5bbe0) 
thrown [s\open\src\hotspot\share\interpreter\linkResolver.cpp, line 759]
Event: 3.340 Thread 0x000001ae28382710 Implicit null exception at 0x000001ae377c7852 to 0x000001ae377c7d50
Event: 3.340 Thread 0x000001ae28382710 Implicit null exception at 0x000001ae377d02d2 to 0x000001ae377d07c4

VM Operations (20 events):
Event: 1.148 Executing VM operation: G1CollectForAllocation
Event: 1.156 Executing VM operation: G1CollectForAllocation done
Event: 1.459 Executing VM operation: HandshakeAllThreads
Event: 1.460 Executing VM operation: HandshakeAllThreads done
Event: 1.478 Executing VM operation: HandshakeAllThreads
Event: 1.478 Executing VM operation: HandshakeAllThreads done
Event: 1.796 Executing VM operation: HandshakeAllThreads
Event: 1.796 Executing VM operation: HandshakeAllThreads done
Event: 1.953 Executing VM operation: HandshakeAllThreads
Event: 1.954 Executing VM operation: HandshakeAllThreads done
Event: 2.219 Executing VM operation: G1CollectForAllocation
Event: 2.228 Executing VM operation: G1CollectForAllocation done
Event: 2.591 Executing VM operation: HandshakeAllThreads
Event: 2.591 Executing VM operation: HandshakeAllThreads done
Event: 2.885 Executing VM operation: HandshakeAllThreads
Event: 2.885 Executing VM operation: HandshakeAllThreads done
Event: 3.886 Executing VM operation: Cleanup
Event: 3.886 Executing VM operation: Cleanup done
Event: 6.905 Executing VM operation: Cleanup
Event: 6.905 Executing VM operation: Cleanup done

Events (20 events):
Event: 0.061 Thread 0x000001ae436781f0 Thread added: 0x000001ae436781f0
Event: 0.062 Thread 0x000001ae43678be0 Thread added: 0x000001ae43678be0
Event: 0.062 Thread 0x000001ae43679dd0 Thread added: 0x000001ae43679dd0
Event: 0.062 Thread 0x000001ae4367ae60 Thread added: 0x000001ae4367ae60
Event: 0.062 Thread 0x000001ae43689f30 Thread added: 0x000001ae43689f30
Event: 0.103 Thread 0x000001ae47948140 Thread added: 0x000001ae47948140
Event: 0.108 Thread 0x000001ae4794e620 Thread added: 0x000001ae4794e620
Event: 0.114 Loaded shared library C:\Program Files\Java\jdk-18.0.2.1\bin\net.dll
Event: 0.119 Loaded shared library C:\Program Files\Java\jdk-18.0.2.1\bin\nio.dll
Event: 0.125 Loaded shared library C:\Program Files\Java\jdk-18.0.2.1\bin\zip.dll
Event: 0.132 Loaded shared library C:\Program Files\Java\jdk-18.0.2.1\bin\verify.dll
Event: 0.227 Loaded shared library C:\Program Files\Java\jdk-18.0.2.1\bin\jimage.dll
Event: 1.005 Thread 0x000001ae47b10c40 Thread added: 0x000001ae47b10c40
Event: 1.395 Thread 0x000001ae47b10c40 Thread exited: 0x000001ae47b10c40
Event: 1.833 Loaded shared library C:\Users\Syed Ifran Ejaz\.gradle\native\e1d6ef7f7dcc3fd88c89a11ec53ec762bb8ba0a96d01ffa2cd45eb1d1d8dd5c5\windows-amd64\native-platform.dll
Event: 1.884 Thread 0x000001ae47b91f80 Thread added: 0x000001ae47b91f80
Event: 2.136 Loaded shared library C:\Program Files\Java\jdk-18.0.2.1\bin\management.dll
Event: 2.143 Loaded shared library C:\Program Files\Java\jdk-18.0.2.1\bin\management_ext.dll
Event: 3.415 Thread 0x000001ae481af0d0 Thread added: 0x000001ae481af0d0
Event: 3.422 Thread 0x000001ae483ce920 Thread added: 0x000001ae483ce920


Dynamic libraries:
0x00007ff6799a0000 - 0x00007ff6799b0000 	C:\Program Files\Java\jdk-18.0.2.1\bin\java.exe
0x00007ffa53bb0000 - 0x00007ffa53da8000 	C:\WINDOWS\SYSTEM32\ntdll.dll
0x00007ffa51cc0000 - 0x00007ffa51d7f000 	C:\WINDOWS\System32\KERNEL32.DLL
0x00007ffa51910000 - 0x00007ffa51c06000 	C:\WINDOWS\System32\KERNELBASE.dll
0x00007ffa51290000 - 0x00007ffa51390000 	C:\WINDOWS\System32\ucrtbase.dll
0x00007ffa48a00000 - 0x00007ffa48a1a000 	C:\Program Files\Java\jdk-18.0.2.1\bin\VCRUNTIME140.dll
0x00007ffa4aa40000 - 0x00007ffa4aa58000 	C:\Program Files\Java\jdk-18.0.2.1\bin\jli.dll
0x00007ffa51c10000 - 0x00007ffa51cbf000 	C:\WINDOWS\System32\ADVAPI32.dll
0x00007ffa53620000 - 0x00007ffa536be000 	C:\WINDOWS\System32\msvcrt.dll
0x00007ffa53110000 - 0x00007ffa531ac000 	C:\WINDOWS\System32\sechost.dll
0x00007ffa52ca0000 - 0x00007ffa52dc6000 	C:\WINDOWS\System32\RPCRT4.dll
0x00007ffa53750000 - 0x00007ffa538ed000 	C:\WINDOWS\System32\USER32.dll
0x00007ffa51430000 - 0x00007ffa51452000 	C:\WINDOWS\System32\win32u.dll
0x00007ffa52dd0000 - 0x00007ffa52dfc000 	C:\WINDOWS\System32\GDI32.dll
0x00007ffa517f0000 - 0x00007ffa51905000 	C:\WINDOWS\System32\gdi32full.dll
0x00007ffa402e0000 - 0x00007ffa4057a000 	C:\WINDOWS\WinSxS\amd64_microsoft.windows.common-controls_6595b64144ccf1df_6.0.19041.1110_none_60b5254171f9507e\COMCTL32.dll
0x00007ffa51610000 - 0x00007ffa516ad000 	C:\WINDOWS\System32\msvcp_win.dll
0x00007ffa49330000 - 0x00007ffa4933a000 	C:\WINDOWS\SYSTEM32\VERSION.dll
0x00007ffa530d0000 - 0x00007ffa53100000 	C:\WINDOWS\System32\IMM32.DLL
0x00007ffa4ab10000 - 0x00007ffa4ab1c000 	C:\Program Files\Java\jdk-18.0.2.1\bin\vcruntime140_1.dll
0x00007ffa3aef0000 - 0x00007ffa3af7d000 	C:\Program Files\Java\jdk-18.0.2.1\bin\msvcp140.dll
0x00007ffa227e0000 - 0x00007ffa233f1000 	C:\Program Files\Java\jdk-18.0.2.1\bin\server\jvm.dll
0x00007ffa526c0000 - 0x00007ffa526c8000 	C:\WINDOWS\System32\PSAPI.DLL
0x00007ffa4aa30000 - 0x00007ffa4aa39000 	C:\WINDOWS\SYSTEM32\WSOCK32.dll
0x00007ffa40630000 - 0x00007ffa40657000 	C:\WINDOWS\SYSTEM32\WINMM.dll
0x00007ffa52ba0000 - 0x00007ffa52c0b000 	C:\WINDOWS\System32\WS2_32.dll
0x00007ffa4fae0000 - 0x00007ffa4faf2000 	C:\WINDOWS\SYSTEM32\kernel.appcore.dll
0x00007ffa489f0000 - 0x00007ffa489fa000 	C:\Program Files\Java\jdk-18.0.2.1\bin\jimage.dll
0x00007ffa487e0000 - 0x00007ffa489c4000 	C:\WINDOWS\SYSTEM32\DBGHELP.DLL
0x00007ffa487a0000 - 0x00007ffa487d4000 	C:\WINDOWS\SYSTEM32\dbgcore.DLL
0x00007ffa516b0000 - 0x00007ffa51732000 	C:\WINDOWS\System32\bcryptPrimitives.dll
0x00007ffa454d0000 - 0x00007ffa454f5000 	C:\Program Files\Java\jdk-18.0.2.1\bin\java.dll
0x00007ffa3ae10000 - 0x00007ffa3aee6000 	C:\Program Files\Java\jdk-18.0.2.1\bin\jsvml.dll
0x00007ffa51d80000 - 0x00007ffa524c4000 	C:\WINDOWS\System32\SHELL32.dll
0x00007ffa4f260000 - 0x00007ffa4f9f3000 	C:\WINDOWS\SYSTEM32\windows.storage.dll
0x00007ffa532c0000 - 0x00007ffa53614000 	C:\WINDOWS\System32\combase.dll
0x00007ffa50cf0000 - 0x00007ffa50d1e000 	C:\WINDOWS\SYSTEM32\Wldp.dll
0x00007ffa525b0000 - 0x00007ffa5265d000 	C:\WINDOWS\System32\SHCORE.dll
0x00007ffa52660000 - 0x00007ffa526b5000 	C:\WINDOWS\System32\shlwapi.dll
0x00007ffa511d0000 - 0x00007ffa511ef000 	C:\WINDOWS\SYSTEM32\profapi.dll
0x00007ffa489d0000 - 0x00007ffa489e3000 	C:\Program Files\Java\jdk-18.0.2.1\bin\net.dll
0x00007ffa49340000 - 0x00007ffa4944a000 	C:\WINDOWS\SYSTEM32\WINHTTP.dll
0x00007ffa50a50000 - 0x00007ffa50aba000 	C:\WINDOWS\system32\mswsock.dll
0x00007ffa454b0000 - 0x00007ffa454c6000 	C:\Program Files\Java\jdk-18.0.2.1\bin\nio.dll
0x00007ffa45010000 - 0x00007ffa45028000 	C:\Program Files\Java\jdk-18.0.2.1\bin\zip.dll
0x00007ffa4c9a0000 - 0x00007ffa4c9b0000 	C:\Program Files\Java\jdk-18.0.2.1\bin\verify.dll
0x00007ffa44f40000 - 0x00007ffa44f67000 	C:\Users\Syed Ifran Ejaz\.gradle\native\e1d6ef7f7dcc3fd88c89a11ec53ec762bb8ba0a96d01ffa2cd45eb1d1d8dd5c5\windows-amd64\native-platform.dll
0x00007ffa454a0000 - 0x00007ffa454a9000 	C:\Program Files\Java\jdk-18.0.2.1\bin\management.dll
0x00007ffa45000000 - 0x00007ffa4500b000 	C:\Program Files\Java\jdk-18.0.2.1\bin\management_ext.dll
0x00007ffa50c50000 - 0x00007ffa50c68000 	C:\WINDOWS\SYSTEM32\CRYPTSP.dll
0x00007ffa50300000 - 0x00007ffa50334000 	C:\WINDOWS\system32\rsaenh.dll
0x00007ffa51400000 - 0x00007ffa51427000 	C:\WINDOWS\System32\bcrypt.dll
0x00007ffa51190000 - 0x00007ffa511be000 	C:\WINDOWS\SYSTEM32\USERENV.dll
0x00007ffa50c40000 - 0x00007ffa50c4c000 	C:\WINDOWS\SYSTEM32\CRYPTBASE.dll
0x00007ffa506f0000 - 0x00007ffa5072c000 	C:\WINDOWS\SYSTEM32\IPHLPAPI.DLL
0x00007ffa53740000 - 0x00007ffa53748000 	C:\WINDOWS\System32\NSI.dll
0x00007ffa462b0000 - 0x00007ffa462c7000 	C:\WINDOWS\SYSTEM32\dhcpcsvc6.DLL
0x00007ffa48210000 - 0x00007ffa4822d000 	C:\WINDOWS\SYSTEM32\dhcpcsvc.DLL
0x00007ffa50740000 - 0x00007ffa5080b000 	C:\WINDOWS\SYSTEM32\DNSAPI.dll

dbghelp: loaded successfully - version: 4.0.5 - missing functions: none
symbol engine: initialized successfully - sym options: 0x614 - pdb path: .;C:\Program Files\Java\jdk-18.0.2.1\bin;C:\WINDOWS\SYSTEM32;C:\WINDOWS\WinSxS\amd64_microsoft.windows.common-controls_6595b64144ccf1df_6.0.19041.1110_none_60b5254171f9507e;C:\Program Files\Java\jdk-18.0.2.1\bin\server;C:\Users\Syed Ifran Ejaz\.gradle\native\e1d6ef7f7dcc3fd88c89a11ec53ec762bb8ba0a96d01ffa2cd45eb1d1d8dd5c5\windows-amd64

VM Arguments:
jvm_args: -Dorg.gradle.appname=gradlew 
java_command: org.gradle.wrapper.GradleWrapperMain -q -Ptarget-platform=android-arm64 -Ptarget=E:\18-05-2023\paradise\lib\main.dart -Pbase-application-name=android.app.Application -Pdart-defines=RkxVVFRFUl9XRUJfQVVUT19ERVRFQ1Q9dHJ1ZQ== -Pdart-obfuscation=false -Ptrack-widget-creation=true -Ptree-shake-icons=false -Pfilesystem-scheme=org-dartlang-root assembleDebug
java_class_path (initial): E:\18-05-2023\paradise\android\\gradle\wrapper\gradle-wrapper.jar
Launcher Type: SUN_STANDARD

[Global flags]
     intx CICompilerCount                          = 3                                         {product} {ergonomic}
     uint ConcGCThreads                            = 1                                         {product} {ergonomic}
     uint G1ConcRefinementThreads                  = 4                                         {product} {ergonomic}
   size_t G1HeapRegionSize                         = 1048576                                   {product} {ergonomic}
    uintx GCDrainStackTargetSize                   = 64                                        {product} {ergonomic}
   size_t InitialHeapSize                          = 67108864                                  {product} {ergonomic}
   size_t MarkStackSize                            = 4194304                                   {product} {ergonomic}
   size_t MaxHeapSize                              = 1054867456                                {product} {ergonomic}
   size_t MaxNewSize                               = 632291328                                 {product} {ergonomic}
   size_t MinHeapDeltaBytes                        = 1048576                                   {product} {ergonomic}
   size_t MinHeapSize                              = 8388608                                   {product} {ergonomic}
    uintx NonNMethodCodeHeapSize                   = 5832780                                {pd product} {ergonomic}
    uintx NonProfiledCodeHeapSize                  = 122912730                              {pd product} {ergonomic}
    uintx ProfiledCodeHeapSize                     = 122912730                              {pd product} {ergonomic}
    uintx ReservedCodeCacheSize                    = 251658240                              {pd product} {ergonomic}
     bool SegmentedCodeCache                       = true                                      {product} {ergonomic}
   size_t SoftMaxHeapSize                          = 1054867456                             {manageable} {ergonomic}
     bool UseCompressedClassPointers               = true                           {product lp64_product} {ergonomic}
     bool UseCompressedOops                        = true                           {product lp64_product} {ergonomic}
     bool UseG1GC                                  = true                                      {product} {ergonomic}
     bool UseLargePagesIndividualAllocation        = false                                  {pd product} {ergonomic}

Logging:
Log output configuration:
 #0: stdout all=warning uptime,level,tags foldmultilines=false
 #1: stderr all=off uptime,level,tags foldmultilines=false

Environment Variables:
CLASSPATH=E:\18-05-2023\paradise\android\\gradle\wrapper\gradle-wrapper.jar
PATH=C:\flutter\bin;C:\Windows\System32\WindowsPowerShell\v1.0;C:\Windows\System32;C:\Users\Syed Ifran Ejaz\AppData\Local\Pub\Cache\bin;C:\Program Files\Java\jdk-18.0.2.1\bin;C:\dart-sdk;C:\ProgramData\chocolatey\lib\dart-sdk;C:\tools\dart-sdk\bin;C:\Users\Syed Ifran Ejaz\AppData\Roaming\Pub\Cache\bin;C:\Users\Syed Ifran Ejaz\.keystore;C:\Program Files\Android\Android Studio\bin;C:\Users\Syed Ifran Ejaz\AppData\Local\Programs\Microsoft VS Code\bin;"C:\Program Files\Git\bin;";C:\Program Files\Git\cmd;C:\Program Files\dotnet;C:\Program Files\Git\bin\git.exe;C:\flutter\bin\mingit\cmd
USERNAME=Syed Ifran Ejaz
OS=Windows_NT
PROCESSOR_IDENTIFIER=Intel64 Family 6 Model 69 Stepping 1, GenuineIntel



---------------  S Y S T E M  ---------------

OS:
 Windows 10 , 64 bit Build 19041 (10.0.19041.2913)
OS uptime: 0 days 7:18 hours

CPU: total 4 (initial active 4) (2 cores per cpu, 2 threads per core) family 6 model 69 stepping 1 microcode 0x25, cx8, cmov, fxsr, ht, mmx, sse, sse2, sse3, ssse3, sse4.1, sse4.2, popcnt, lzcnt, tsc, tscinvbit, avx, avx2, aes, erms, clmul, bmi1, bmi2, fma, vzeroupper, clflush

Memory: 4k page, system-wide physical 4017M (312M free)
TotalPageFile size 9293M (AvailPageFile size 4M)
current process WorkingSet (physical memory assigned to process): 77M, peak: 77M
current process commit charge ("private bytes"): 152M, peak: 153M

vm_info: Java HotSpot(TM) 64-Bit Server VM (18.0.2.1+1-1) for windows-amd64 JRE (18.0.2.1+1-1), built on Aug 16 2022 01:46:33 by "mach5one" with MS VC++ 16.8 / 16.9 (VS2019)

END.
